373
0 12 13 19 30 
1 2 4 6 8 
3 33 47 49 52 
5 55 73 76 88 
7 14 16 41 44 
9 11 21 22 53 
10 26 85 91 99 
15 40 50 59 60 
17 18 29 34 46 
20 23 62 66 68 
24 28 31 39 65 
25 43 57 58 75 
27 36 64 79 98 
32 48 54 77 97 
35 42 56 61 82 
37 67 83 86 87 
38 45 74 80 90 
51 69 71 78 93 
63 70 72 81 89 
84 92 94 95 96 
947
13 36 42 83 91 
1 4 40 43 95 
0 5 59 73 76 
21 29 56 72 92 
16 39 41 67 75 
9 22 57 68 99 
10 30 49 80 85 
8 15 20 52 60 
17 18 28 34 70 
2 23 47 66 71 
11 14 27 50 98 
46 61 63 64 79 
24 35 55 87 89 
32 48 54 58 77 
6 25 45 53 96 
7 31 37 44 86 
12 26 38 90 97 
3 51 69 78 93 
33 62 74 81 84 
19 65 82 88 94 
