401
0 5 18 24 30 37 47 54 67 75 
1 2 10 11 23 32 51 56 59 66 
3 19 35 36 42 43 49 60 62 74 
4 22 26 27 34 41 44 53 82 97 
6 13 25 46 69 70 79 92 93 99 
7 14 15 38 58 71 73 85 86 90 
8 28 39 50 55 63 72 78 84 96 
9 20 21 48 61 64 76 87 94 98 
12 16 17 29 33 45 80 81 88 89 
31 40 52 57 65 68 77 83 91 95 
1410
5 12 22 52 55 66 67 79 92 93 
11 13 23 24 32 59 68 72 83 86 
2 25 35 43 58 64 69 91 96 99 
1 4 14 26 34 53 61 74 77 89 
6 8 27 36 45 46 60 71 73 84 
3 7 10 15 17 39 41 42 49 88 
28 30 50 62 63 65 76 78 85 87 
9 19 20 21 51 54 56 82 97 98 
16 29 37 38 40 44 80 81 94 95 
0 18 31 33 47 48 57 70 75 90 
