1417
0 4 13 21 23 37 38 42 60 77 
1 12 30 31 57 58 66 106 128 130 
2 25 55 72 75 81 86 87 88 102 
3 9 27 39 40 48 80 94 100 104 
5 6 17 20 22 49 73 82 96 108 
7 63 68 90 98 135 144 161 174 175 
8 18 24 29 32 71 99 103 105 110 
10 14 53 67 123 124 126 133 134 138 
11 36 43 45 61 84 92 142 162 163 
15 26 59 85 112 117 119 122 125 131 
16 34 52 64 107 109 149 157 160 193 
19 50 101 172 178 202 223 228 230 234 
28 41 56 70 83 118 132 164 167 168 
33 146 154 155 166 190 191 196 199 204 
35 51 93 140 170 171 221 227 232 233 
44 97 145 159 179 180 205 210 216 242 
46 115 116 127 141 158 192 201 215 219 
47 120 139 152 169 184 185 187 203 214 
54 65 69 95 111 137 186 200 243 244 
62 147 150 177 194 208 212 229 239 248 
74 113 156 181 197 206 207 211 220 240 
76 79 91 143 153 182 195 198 224 235 
78 151 173 176 188 209 226 231 241 247 
89 114 121 129 165 213 236 237 238 246 
136 148 183 189 217 218 222 225 245 249 
3830
0 4 37 38 39 60 92 139 165 185 
1 12 26 58 66 74 80 130 166 211 
2 10 18 75 79 86 87 123 202 210 
9 24 45 48 84 109 151 183 184 242 
5 6 22 55 73 77 108 122 169 198 
7 90 135 144 162 174 176 201 220 229 
8 29 41 99 103 105 163 205 217 241 
16 53 113 116 125 126 128 138 140 226 
11 36 50 61 65 70 110 124 192 225 
17 25 64 85 88 119 160 178 207 208 
15 34 40 52 69 157 159 193 213 234 
19 96 101 107 127 172 221 223 228 230 
23 28 56 83 118 167 175 239 243 249 
33 57 146 173 180 182 190 191 196 199 
32 35 51 78 93 129 133 227 233 237 
3 44 94 102 136 145 155 158 179 216 
46 71 98 115 134 141 142 206 219 224 
20 21 31 42 47 100 120 152 203 214 
54 95 111 137 149 170 186 197 200 244 
27 30 62 112 153 168 177 194 212 238 
43 59 104 106 148 156 161 181 240 247 
49 67 72 76 91 121 131 150 187 235 
14 63 81 114 132 154 188 189 209 231 
82 89 143 147 171 195 222 232 236 246 
13 68 97 117 164 204 215 218 245 248 
