287
0 7 28 
1 12 29 
2 4 26 
3 5 33 
6 20 23 
8 9 19 
10 15 27 
11 14 57 
13 39 50 
16 52 55 
17 36 41 
18 49 53 
21 71 78 
22 44 45 
24 37 72 
25 40 42 
30 32 46 
31 51 73 
34 54 61 
35 84 85 
38 62 74 
43 59 67 
47 56 77 
48 75 88 
58 81 96 
60 79 83 
63 69 86 
64 68 76 
65 94 97 
66 70 95 
80 92 93 
82 90 98 
87 89 91 
635
7 69 81 
29 44 66 
2 26 74 
5 33 88 
6 64 68 
9 42 83 
10 87 90 
61 72 75 
13 39 50 
16 52 60 
17 22 36 
18 41 56 
20 57 77 
0 12 45 
4 11 85 
62 70 78 
25 30 32 
28 31 73 
46 82 93 
38 48 51 
1 15 67 
43 71 84 
14 79 86 
49 55 63 
3 54 96 
35 59 80 
47 97 98 
23 27 34 
21 37 65 
53 76 95 
24 89 92 
8 40 94 
19 58 91 
